# JRE version: OpenJDK Runtime Environment (17.0.6) (build 17.0.6+0-b2043.56-10027231)
# Java VM: OpenJDK 64-Bit Server VM (17.0.6+0-b2043.56-10027231, mixed mode, tiered, compressed oops, compressed class ptrs, g1 gc, windows-amd64)
GC Precious Log:
 CPUs: 2 total, 2 available
 Memory: 8108M
 Large Page Support: Disabled
 NUMA Support: Disabled
 Compressed Oops: Enabled (32-bit)
 Heap Region Size: 1M
 Heap Min Capacity: 8M
 Heap Initial Capacity: 128M
 Heap Max Capacity: 1536M
 Pre-touch: Disabled
 Parallel Workers: 2
 Concurrent Workers: 1
 Concurrent Refinement Workers: 2
 Periodic GC: Disabled
Heap:
 garbage-first heap   total 397312K, used 293376K [0x00000000a0000000, 0x0000000100000000)
  region size 1024K, 7 young (7168K), 7 survivors (7168K)
 Metaspace       used 103194K, committed 103872K, reserved 1146880K
  class space    used 13714K, committed 14016K, reserved 1048576K
GC Heap History (20 events):
Event: 72.001 GC heap after
{Heap after GC invocations=61 (full 0):
 garbage-first heap   total 397312K, used 158182K [0x00000000a0000000, 0x0000000100000000)
  region size 1024K, 15 young (15360K), 15 survivors (15360K)
 Metaspace       used 100209K, committed 100800K, reserved 1138688K
  class space    used 13434K, committed 13696K, reserved 1048576K
}
Event: 73.670 GC heap before
{Heap before GC invocations=61 (full 0):
 garbage-first heap   total 397312K, used 348646K [0x00000000a0000000, 0x0000000100000000)
  region size 1024K, 189 young (193536K), 15 survivors (15360K)
 Metaspace       used 100246K, committed 100800K, reserved 1138688K
  class space    used 13435K, committed 13696K, reserved 1048576K
}
Event: 73.704 GC heap after
{Heap after GC invocations=62 (full 0):
 garbage-first heap   total 397312K, used 161721K [0x00000000a0000000, 0x0000000100000000)
  region size 1024K, 15 young (15360K), 15 survivors (15360K)
 Metaspace       used 100246K, committed 100800K, reserved 1138688K
  class space    used 13435K, committed 13696K, reserved 1048576K
}
Event: 75.234 GC heap before
{Heap before GC invocations=62 (full 0):
 garbage-first heap   total 397312K, used 341945K [0x00000000a0000000, 0x0000000100000000)
  region size 1024K, 182 young (186368K), 15 survivors (15360K)
 Metaspace       used 100285K, committed 100800K, reserved 1138688K
  class space    used 13436K, committed 13696K, reserved 1048576K
}
Event: 75.267 GC heap after
{Heap after GC invocations=63 (full 0):
 garbage-first heap   total 397312K, used 164512K [0x00000000a0000000, 0x0000000100000000)
  region size 1024K, 14 young (14336K), 14 survivors (14336K)
 Metaspace       used 100285K, committed 100800K, reserved 1138688K
  class space    used 13436K, committed 13696K, reserved 1048576K
}
Event: 76.575 GC heap before
{Heap before GC invocations=63 (full 0):
 garbage-first heap   total 397312K, used 328352K [0x00000000a0000000, 0x0000000100000000)
  region size 1024K, 175 young (179200K), 14 survivors (14336K)
 Metaspace       used 100286K, committed 100864K, reserved 1138688K
  class space    used 13436K, committed 13696K, reserved 1048576K
}
Event: 76.595 GC heap after
{Heap after GC invocations=64 (full 0):
 garbage-first heap   total 397312K, used 159298K [0x00000000a0000000, 0x0000000100000000)
  region size 1024K, 4 young (4096K), 4 survivors (4096K)
 Metaspace       used 100286K, committed 100864K, reserved 1138688K
  class space    used 13436K, committed 13696K, reserved 1048576K
}
Event: 78.201 GC heap before
{Heap before GC invocations=64 (full 0):
 garbage-first heap   total 397312K, used 332354K [0x00000000a0000000, 0x0000000100000000)
  region size 1024K, 172 young (176128K), 4 survivors (4096K)
 Metaspace       used 100319K, committed 100928K, reserved 1138688K
  class space    used 13437K, committed 13696K, reserved 1048576K
}
Event: 78.231 GC heap after
{Heap after GC invocations=65 (full 0):
 garbage-first heap   total 397312K, used 167490K [0x00000000a0000000, 0x0000000100000000)
  region size 1024K, 12 young (12288K), 12 survivors (12288K)
 Metaspace       used 100319K, committed 100928K, reserved 1138688K
  class space    used 13437K, committed 13696K, reserved 1048576K
}
Event: 80.948 GC heap before
{Heap before GC invocations=65 (full 0):
 garbage-first heap   total 397312K, used 341570K [0x00000000a0000000, 0x0000000100000000)
  region size 1024K, 171 young (175104K), 12 survivors (12288K)
 Metaspace       used 102402K, committed 103040K, reserved 1138688K
  class space    used 13644K, committed 13952K, reserved 1048576K
}
Event: 81.070 GC heap after
{Heap after GC invocations=66 (full 0):
 garbage-first heap   total 397312K, used 208725K [0x00000000a0000000, 0x0000000100000000)
  region size 1024K, 22 young (22528K), 22 survivors (22528K)
 Metaspace       used 102402K, committed 103040K, reserved 1138688K
  class space    used 13644K, committed 13952K, reserved 1048576K
}
Event: 82.469 GC heap before
{Heap before GC invocations=66 (full 0):
 garbage-first heap   total 397312K, used 324437K [0x00000000a0000000, 0x0000000100000000)
  region size 1024K, 122 young (124928K), 22 survivors (22528K)
 Metaspace       used 102490K, committed 103104K, reserved 1138688K
  class space    used 13648K, committed 13952K, reserved 1048576K
}
Event: 82.579 GC heap after
{Heap after GC invocations=67 (full 0):
 garbage-first heap   total 397312K, used 236800K [0x00000000a0000000, 0x0000000100000000)
  region size 1024K, 14 young (14336K), 14 survivors (14336K)
 Metaspace       used 102490K, committed 103104K, reserved 1138688K
  class space    used 13648K, committed 13952K, reserved 1048576K
}
Event: 85.943 GC heap before
{Heap before GC invocations=67 (full 0):
 garbage-first heap   total 397312K, used 344320K [0x00000000a0000000, 0x0000000100000000)
  region size 1024K, 97 young (99328K), 14 survivors (14336K)
 Metaspace       used 103078K, committed 103744K, reserved 1146880K
  class space    used 13705K, committed 14016K, reserved 1048576K
}
Event: 86.003 GC heap after
{Heap after GC invocations=68 (full 0):
 garbage-first heap   total 397312K, used 244224K [0x00000000a0000000, 0x0000000100000000)
  region size 1024K, 12 young (12288K), 12 survivors (12288K)
 Metaspace       used 103078K, committed 103744K, reserved 1146880K
  class space    used 13705K, committed 14016K, reserved 1048576K
}
Event: 86.611 GC heap before
{Heap before GC invocations=68 (full 0):
 garbage-first heap   total 397312K, used 321024K [0x00000000a0000000, 0x0000000100000000)
  region size 1024K, 88 young (90112K), 12 survivors (12288K)
 Metaspace       used 103189K, committed 103872K, reserved 1146880K
  class space    used 13714K, committed 14016K, reserved 1048576K
}
Event: 86.739 GC heap after
{Heap after GC invocations=69 (full 0):
 garbage-first heap   total 397312K, used 269312K [0x00000000a0000000, 0x0000000100000000)
  region size 1024K, 11 young (11264K), 11 survivors (11264K)
 Metaspace       used 103189K, committed 103872K, reserved 1146880K
  class space    used 13714K, committed 14016K, reserved 1048576K
}
Event: 87.460 GC heap before
{Heap before GC invocations=69 (full 0):
 garbage-first heap   total 397312K, used 323584K [0x00000000a0000000, 0x0000000100000000)
  region size 1024K, 60 young (61440K), 11 survivors (11264K)
 Metaspace       used 103192K, committed 103872K, reserved 1146880K
  class space    used 13714K, committed 14016K, reserved 1048576K
}
Event: 87.574 GC heap after
{Heap after GC invocations=70 (full 0):
 garbage-first heap   total 397312K, used 280576K [0x00000000a0000000, 0x0000000100000000)
  region size 1024K, 6 young (6144K), 6 survivors (6144K)
 Metaspace       used 103192K, committed 103872K, reserved 1146880K
  class space    used 13714K, committed 14016K, reserved 1048576K
}
Event: 88.207 GC heap before
{Heap before GC invocations=70 (full 0):
 garbage-first heap   total 397312K, used 330752K [0x00000000a0000000, 0x0000000100000000)
  region size 1024K, 51 young (52224K), 6 survivors (6144K)
 Metaspace       used 103194K, committed 103872K, reserved 1146880K
  class space    used 13714K, committed 14016K, reserved 1048576K
}

