# JRE version: OpenJDK Runtime Environment (17.0.6) (build 17.0.6+0-b2043.56-10027231)
# Java VM: OpenJDK 64-Bit Server VM (17.0.6+0-b2043.56-10027231, mixed mode, tiered, compressed oops, compressed class ptrs, g1 gc, windows-amd64)
GC Precious Log:
 CPUs: 2 total, 2 available
 Memory: 8108M
 Large Page Support: Disabled
 NUMA Support: Disabled
 Compressed Oops: Enabled (32-bit)
 Heap Region Size: 1M
 Heap Min Capacity: 8M
 Heap Initial Capacity: 128M
 Heap Max Capacity: 1536M
 Pre-touch: Disabled
 Parallel Workers: 2
 Concurrent Workers: 1
 Concurrent Refinement Workers: 2
 Periodic GC: Disabled
Heap:
 garbage-first heap   total 173056K, used 130175K [0x00000000a0000000, 0x0000000100000000)
  region size 1024K, 3 young (3072K), 2 survivors (2048K)
 Metaspace       used 79707K, committed 80384K, reserved 1122304K
  class space    used 10697K, committed 11008K, reserved 1048576K
GC Heap History (20 events):
Event: 62.591 GC heap before
{Heap before GC invocations=45 (full 0):
 garbage-first heap   total 145408K, used 88823K [0x00000000a0000000, 0x0000000100000000)
  region size 1024K, 3 young (3072K), 1 survivors (1024K)
 Metaspace       used 67986K, committed 68608K, reserved 1114112K
  class space    used 8851K, committed 9152K, reserved 1048576K
}
Event: 62.596 GC heap after
{Heap after GC invocations=46 (full 0):
 garbage-first heap   total 145408K, used 88041K [0x00000000a0000000, 0x0000000100000000)
  region size 1024K, 1 young (1024K), 1 survivors (1024K)
 Metaspace       used 67986K, committed 68608K, reserved 1114112K
  class space    used 8851K, committed 9152K, reserved 1048576K
}
Event: 65.296 GC heap before
{Heap before GC invocations=47 (full 0):
 garbage-first heap   total 150528K, used 115689K [0x00000000a0000000, 0x0000000100000000)
  region size 1024K, 27 young (27648K), 1 survivors (1024K)
 Metaspace       used 68837K, committed 69440K, reserved 1114112K
  class space    used 8991K, committed 9280K, reserved 1048576K
}
Event: 65.306 GC heap after
{Heap after GC invocations=48 (full 0):
 garbage-first heap   total 150528K, used 89846K [0x00000000a0000000, 0x0000000100000000)
  region size 1024K, 3 young (3072K), 3 survivors (3072K)
 Metaspace       used 68837K, committed 69440K, reserved 1114112K
  class space    used 8991K, committed 9280K, reserved 1048576K
}
Event: 65.748 GC heap before
{Heap before GC invocations=48 (full 0):
 garbage-first heap   total 150528K, used 93942K [0x00000000a0000000, 0x0000000100000000)
  region size 1024K, 7 young (7168K), 3 survivors (3072K)
 Metaspace       used 69023K, committed 69632K, reserved 1114112K
  class space    used 9008K, committed 9280K, reserved 1048576K
}
Event: 65.759 GC heap after
{Heap after GC invocations=49 (full 0):
 garbage-first heap   total 150528K, used 90500K [0x00000000a0000000, 0x0000000100000000)
  region size 1024K, 1 young (1024K), 1 survivors (1024K)
 Metaspace       used 69023K, committed 69632K, reserved 1114112K
  class space    used 9008K, committed 9280K, reserved 1048576K
}
Event: 68.947 GC heap before
{Heap before GC invocations=49 (full 0):
 garbage-first heap   total 150528K, used 120196K [0x00000000a0000000, 0x0000000100000000)
  region size 1024K, 30 young (30720K), 1 survivors (1024K)
 Metaspace       used 70677K, committed 71296K, reserved 1114112K
  class space    used 9253K, committed 9536K, reserved 1048576K
}
Event: 68.957 GC heap after
{Heap after GC invocations=50 (full 0):
 garbage-first heap   total 150528K, used 92408K [0x00000000a0000000, 0x0000000100000000)
  region size 1024K, 3 young (3072K), 3 survivors (3072K)
 Metaspace       used 70677K, committed 71296K, reserved 1114112K
  class space    used 9253K, committed 9536K, reserved 1048576K
}
Event: 71.331 GC heap before
{Heap before GC invocations=51 (full 0):
 garbage-first heap   total 157696K, used 121080K [0x00000000a0000000, 0x0000000100000000)
  region size 1024K, 31 young (31744K), 3 survivors (3072K)
 Metaspace       used 73579K, committed 74176K, reserved 1114112K
  class space    used 9801K, committed 10112K, reserved 1048576K
}
Event: 71.349 GC heap after
{Heap after GC invocations=52 (full 0):
 garbage-first heap   total 157696K, used 96777K [0x00000000a0000000, 0x0000000100000000)
  region size 1024K, 4 young (4096K), 4 survivors (4096K)
 Metaspace       used 73579K, committed 74176K, reserved 1114112K
  class space    used 9801K, committed 10112K, reserved 1048576K
}
Event: 71.497 GC heap before
{Heap before GC invocations=52 (full 0):
 garbage-first heap   total 157696K, used 98825K [0x00000000a0000000, 0x0000000100000000)
  region size 1024K, 7 young (7168K), 4 survivors (4096K)
 Metaspace       used 73786K, committed 74368K, reserved 1114112K
  class space    used 9835K, committed 10112K, reserved 1048576K
}
Event: 71.513 GC heap after
{Heap after GC invocations=53 (full 0):
 garbage-first heap   total 157696K, used 97753K [0x00000000a0000000, 0x0000000100000000)
  region size 1024K, 1 young (1024K), 1 survivors (1024K)
 Metaspace       used 73786K, committed 74368K, reserved 1114112K
  class space    used 9835K, committed 10112K, reserved 1048576K
}
Event: 73.463 GC heap before
{Heap before GC invocations=53 (full 0):
 garbage-first heap   total 157696K, used 127449K [0x00000000a0000000, 0x0000000100000000)
  region size 1024K, 30 young (30720K), 1 survivors (1024K)
 Metaspace       used 75568K, committed 76160K, reserved 1122304K
  class space    used 10083K, committed 10368K, reserved 1048576K
}
Event: 73.481 GC heap after
{Heap after GC invocations=54 (full 0):
 garbage-first heap   total 157696K, used 100232K [0x00000000a0000000, 0x0000000100000000)
  region size 1024K, 4 young (4096K), 4 survivors (4096K)
 Metaspace       used 75568K, committed 76160K, reserved 1122304K
  class space    used 10083K, committed 10368K, reserved 1048576K
}
Event: 77.595 GC heap before
{Heap before GC invocations=55 (full 0):
 garbage-first heap   total 173056K, used 150408K [0x00000000a0000000, 0x0000000100000000)
  region size 1024K, 31 young (31744K), 4 survivors (4096K)
 Metaspace       used 79150K, committed 79808K, reserved 1122304K
  class space    used 10625K, committed 10944K, reserved 1048576K
}
Event: 77.612 GC heap after
{Heap after GC invocations=56 (full 0):
 garbage-first heap   total 173056K, used 128180K [0x00000000a0000000, 0x0000000100000000)
  region size 1024K, 4 young (4096K), 4 survivors (4096K)
 Metaspace       used 79150K, committed 79808K, reserved 1122304K
  class space    used 10625K, committed 10944K, reserved 1048576K
}
Event: 78.105 GC heap before
{Heap before GC invocations=56 (full 0):
 garbage-first heap   total 173056K, used 132276K [0x00000000a0000000, 0x0000000100000000)
  region size 1024K, 8 young (8192K), 4 survivors (4096K)
 Metaspace       used 79170K, committed 79808K, reserved 1122304K
  class space    used 10625K, committed 10944K, reserved 1048576K
}
Event: 78.111 GC heap after
{Heap after GC invocations=57 (full 0):
 garbage-first heap   total 173056K, used 129025K [0x00000000a0000000, 0x0000000100000000)
  region size 1024K, 1 young (1024K), 1 survivors (1024K)
 Metaspace       used 79170K, committed 79808K, reserved 1122304K
  class space    used 10625K, committed 10944K, reserved 1048576K
}
Event: 80.225 GC heap before
{Heap before GC invocations=57 (full 0):
 garbage-first heap   total 173056K, used 145409K [0x00000000a0000000, 0x0000000100000000)
  region size 1024K, 18 young (18432K), 1 survivors (1024K)
 Metaspace       used 79702K, committed 80384K, reserved 1122304K
  class space    used 10696K, committed 11008K, reserved 1048576K
}
Event: 80.230 GC heap after
{Heap after GC invocations=58 (full 0):
 garbage-first heap   total 173056K, used 130175K [0x00000000a0000000, 0x0000000100000000)
  region size 1024K, 2 young (2048K), 2 survivors (2048K)
 Metaspace       used 79702K, committed 80384K, reserved 1122304K
  class space    used 10696K, committed 11008K, reserved 1048576K
}

