# JRE version: OpenJDK Runtime Environment (17.0.6) (build 17.0.6+0-b2043.56-10027231)
# Java VM: OpenJDK 64-Bit Server VM (17.0.6+0-b2043.56-10027231, mixed mode, tiered, compressed oops, compressed class ptrs, g1 gc, windows-amd64)
GC Precious Log:
 CPUs: 2 total, 2 available
 Memory: 8108M
 Large Page Support: Disabled
 NUMA Support: Disabled
 Compressed Oops: Enabled (32-bit)
 Heap Region Size: 1M
 Heap Min Capacity: 8M
 Heap Initial Capacity: 128M
 Heap Max Capacity: 1536M
 Pre-touch: Disabled
 Parallel Workers: 2
 Concurrent Workers: 1
 Concurrent Refinement Workers: 2
 Periodic GC: Disabled
Heap:
 garbage-first heap   total 476160K, used 345868K [0x00000000a0000000, 0x0000000100000000)
  region size 1024K, 7 young (7168K), 4 survivors (4096K)
 Metaspace       used 161552K, committed 162816K, reserved 1196032K
  class space    used 20363K, committed 20992K, reserved 1048576K
GC Heap History (20 events):
Event: 1037.988 GC heap before
{Heap before GC invocations=138 (full 0):
 garbage-first heap   total 476160K, used 410755K [0x00000000a0000000, 0x0000000100000000)
  region size 1024K, 69 young (70656K), 7 survivors (7168K)
 Metaspace       used 161364K, committed 162560K, reserved 1196032K
  class space    used 20334K, committed 20928K, reserved 1048576K
}
Event: 1038.005 GC heap after
{Heap after GC invocations=139 (full 0):
 garbage-first heap   total 476160K, used 347897K [0x00000000a0000000, 0x0000000100000000)
  region size 1024K, 6 young (6144K), 6 survivors (6144K)
 Metaspace       used 161364K, committed 162560K, reserved 1196032K
  class space    used 20334K, committed 20928K, reserved 1048576K
}
Event: 1038.532 GC heap before
{Heap before GC invocations=139 (full 0):
 garbage-first heap   total 476160K, used 411385K [0x00000000a0000000, 0x0000000100000000)
  region size 1024K, 66 young (67584K), 6 survivors (6144K)
 Metaspace       used 161369K, committed 162560K, reserved 1196032K
  class space    used 20334K, committed 20928K, reserved 1048576K
}
Event: 1038.565 GC heap after
{Heap after GC invocations=140 (full 0):
 garbage-first heap   total 476160K, used 355872K [0x00000000a0000000, 0x0000000100000000)
  region size 1024K, 9 young (9216K), 9 survivors (9216K)
 Metaspace       used 161369K, committed 162560K, reserved 1196032K
  class space    used 20334K, committed 20928K, reserved 1048576K
}
Event: 1038.961 GC heap before
{Heap before GC invocations=140 (full 0):
 garbage-first heap   total 476160K, used 406048K [0x00000000a0000000, 0x0000000100000000)
  region size 1024K, 58 young (59392K), 9 survivors (9216K)
 Metaspace       used 161372K, committed 162560K, reserved 1196032K
  class space    used 20334K, committed 20928K, reserved 1048576K
}
Event: 1038.989 GC heap after
{Heap after GC invocations=141 (full 0):
 garbage-first heap   total 476160K, used 358313K [0x00000000a0000000, 0x0000000100000000)
  region size 1024K, 4 young (4096K), 4 survivors (4096K)
 Metaspace       used 161372K, committed 162560K, reserved 1196032K
  class space    used 20334K, committed 20928K, reserved 1048576K
}
Event: 1039.517 GC heap before
{Heap before GC invocations=141 (full 0):
 garbage-first heap   total 476160K, used 408489K [0x00000000a0000000, 0x0000000100000000)
  region size 1024K, 53 young (54272K), 4 survivors (4096K)
 Metaspace       used 161507K, committed 162752K, reserved 1196032K
  class space    used 20363K, committed 20992K, reserved 1048576K
}
Event: 1039.541 GC heap after
{Heap after GC invocations=142 (full 0):
 garbage-first heap   total 476160K, used 359263K [0x00000000a0000000, 0x0000000100000000)
  region size 1024K, 5 young (5120K), 5 survivors (5120K)
 Metaspace       used 161507K, committed 162752K, reserved 1196032K
  class space    used 20363K, committed 20992K, reserved 1048576K
}
Event: 1040.116 GC heap before
{Heap before GC invocations=142 (full 0):
 garbage-first heap   total 476160K, used 410463K [0x00000000a0000000, 0x0000000100000000)
  region size 1024K, 55 young (56320K), 5 survivors (5120K)
 Metaspace       used 161550K, committed 162816K, reserved 1196032K
  class space    used 20363K, committed 20992K, reserved 1048576K
}
Event: 1040.132 GC heap after
{Heap after GC invocations=143 (full 0):
 garbage-first heap   total 476160K, used 360901K [0x00000000a0000000, 0x0000000100000000)
  region size 1024K, 3 young (3072K), 3 survivors (3072K)
 Metaspace       used 161550K, committed 162816K, reserved 1196032K
  class space    used 20363K, committed 20992K, reserved 1048576K
}
Event: 1040.801 GC heap before
{Heap before GC invocations=143 (full 0):
 garbage-first heap   total 476160K, used 414149K [0x00000000a0000000, 0x0000000100000000)
  region size 1024K, 55 young (56320K), 3 survivors (3072K)
 Metaspace       used 161551K, committed 162816K, reserved 1196032K
  class space    used 20363K, committed 20992K, reserved 1048576K
}
Event: 1040.818 GC heap after
{Heap after GC invocations=144 (full 0):
 garbage-first heap   total 476160K, used 361370K [0x00000000a0000000, 0x0000000100000000)
  region size 1024K, 4 young (4096K), 4 survivors (4096K)
 Metaspace       used 161551K, committed 162816K, reserved 1196032K
  class space    used 20363K, committed 20992K, reserved 1048576K
}
Event: 1041.380 GC heap before
{Heap before GC invocations=144 (full 0):
 garbage-first heap   total 476160K, used 415642K [0x00000000a0000000, 0x0000000100000000)
  region size 1024K, 57 young (58368K), 4 survivors (4096K)
 Metaspace       used 161552K, committed 162816K, reserved 1196032K
  class space    used 20363K, committed 20992K, reserved 1048576K
}
Event: 1041.393 GC heap after
{Heap after GC invocations=145 (full 0):
 garbage-first heap   total 476160K, used 362132K [0x00000000a0000000, 0x0000000100000000)
  region size 1024K, 4 young (4096K), 4 survivors (4096K)
 Metaspace       used 161552K, committed 162816K, reserved 1196032K
  class space    used 20363K, committed 20992K, reserved 1048576K
}
Event: 1042.253 GC heap before
{Heap before GC invocations=145 (full 0):
 garbage-first heap   total 476160K, used 417428K [0x00000000a0000000, 0x0000000100000000)
  region size 1024K, 58 young (59392K), 4 survivors (4096K)
 Metaspace       used 161552K, committed 162816K, reserved 1196032K
  class space    used 20363K, committed 20992K, reserved 1048576K
}
Event: 1042.267 GC heap after
{Heap after GC invocations=146 (full 0):
 garbage-first heap   total 476160K, used 362855K [0x00000000a0000000, 0x0000000100000000)
  region size 1024K, 5 young (5120K), 5 survivors (5120K)
 Metaspace       used 161552K, committed 162816K, reserved 1196032K
  class space    used 20363K, committed 20992K, reserved 1048576K
}
Event: 1042.774 GC heap before
{Heap before GC invocations=146 (full 0):
 garbage-first heap   total 476160K, used 419175K [0x00000000a0000000, 0x0000000100000000)
  region size 1024K, 60 young (61440K), 5 survivors (5120K)
 Metaspace       used 161552K, committed 162816K, reserved 1196032K
  class space    used 20363K, committed 20992K, reserved 1048576K
}
Event: 1042.790 GC heap after
{Heap after GC invocations=147 (full 0):
 garbage-first heap   total 476160K, used 363435K [0x00000000a0000000, 0x0000000100000000)
  region size 1024K, 5 young (5120K), 5 survivors (5120K)
 Metaspace       used 161552K, committed 162816K, reserved 1196032K
  class space    used 20363K, committed 20992K, reserved 1048576K
}
Event: 1043.216 GC heap before
{Heap before GC invocations=147 (full 0):
 garbage-first heap   total 476160K, used 419755K [0x00000000a0000000, 0x0000000100000000)
  region size 1024K, 60 young (61440K), 5 survivors (5120K)
 Metaspace       used 161552K, committed 162816K, reserved 1196032K
  class space    used 20363K, committed 20992K, reserved 1048576K
}
Event: 1043.231 GC heap after
{Heap after GC invocations=148 (full 0):
 garbage-first heap   total 476160K, used 364300K [0x00000000a0000000, 0x0000000100000000)
  region size 1024K, 4 young (4096K), 4 survivors (4096K)
 Metaspace       used 161552K, committed 162816K, reserved 1196032K
  class space    used 20363K, committed 20992K, reserved 1048576K
}

