# JRE version: OpenJDK Runtime Environment (17.0.6) (build 17.0.6+0-b2043.56-10027231)
# Java VM: OpenJDK 64-Bit Server VM (17.0.6+0-b2043.56-10027231, mixed mode, tiered, compressed oops, compressed class ptrs, g1 gc, windows-amd64)
GC Precious Log:
 CPUs: 2 total, 2 available
 Memory: 8108M
 Large Page Support: Disabled
 NUMA Support: Disabled
 Compressed Oops: Enabled (32-bit)
 Heap Region Size: 1M
 Heap Min Capacity: 8M
 Heap Initial Capacity: 128M
 Heap Max Capacity: 1536M
 Pre-touch: Disabled
 Parallel Workers: 2
 Concurrent Workers: 1
 Concurrent Refinement Workers: 2
 Periodic GC: Disabled
Heap:
 garbage-first heap   total 286720K, used 233472K [0x00000000a0000000, 0x0000000100000000)
  region size 1024K, 69 young (70656K), 4 survivors (4096K)
 Metaspace       used 104375K, committed 105408K, reserved 1146880K
  class space    used 13800K, committed 14336K, reserved 1048576K
GC Heap History (20 events):
Event: 27.746 GC heap before
{Heap before GC invocations=45 (full 0):
 garbage-first heap   total 143360K, used 112954K [0x00000000a0000000, 0x0000000100000000)
  region size 1024K, 30 young (30720K), 1 survivors (1024K)
 Metaspace       used 56847K, committed 57408K, reserved 1105920K
  class space    used 7569K, committed 7808K, reserved 1048576K
}
Event: 27.750 GC heap after
{Heap after GC invocations=46 (full 0):
 garbage-first heap   total 143360K, used 83647K [0x00000000a0000000, 0x0000000100000000)
  region size 1024K, 1 young (1024K), 1 survivors (1024K)
 Metaspace       used 56847K, committed 57408K, reserved 1105920K
  class space    used 7569K, committed 7808K, reserved 1048576K
}
Event: 29.737 GC heap before
{Heap before GC invocations=47 (full 0):
 garbage-first heap   total 143360K, used 115391K [0x00000000a0000000, 0x0000000100000000)
  region size 1024K, 32 young (32768K), 1 survivors (1024K)
 Metaspace       used 61122K, committed 61760K, reserved 1105920K
  class space    used 8094K, committed 8384K, reserved 1048576K
}
Event: 29.744 GC heap after
{Heap after GC invocations=48 (full 0):
 garbage-first heap   total 143360K, used 85140K [0x00000000a0000000, 0x0000000100000000)
  region size 1024K, 3 young (3072K), 3 survivors (3072K)
 Metaspace       used 61122K, committed 61760K, reserved 1105920K
  class space    used 8094K, committed 8384K, reserved 1048576K
}
Event: 29.891 GC heap before
{Heap before GC invocations=48 (full 0):
 garbage-first heap   total 143360K, used 89236K [0x00000000a0000000, 0x0000000100000000)
  region size 1024K, 7 young (7168K), 3 survivors (3072K)
 Metaspace       used 61735K, committed 62336K, reserved 1105920K
  class space    used 8182K, committed 8448K, reserved 1048576K
}
Event: 29.898 GC heap after
{Heap after GC invocations=49 (full 0):
 garbage-first heap   total 143360K, used 85015K [0x00000000a0000000, 0x0000000100000000)
  region size 1024K, 1 young (1024K), 1 survivors (1024K)
 Metaspace       used 61735K, committed 62336K, reserved 1105920K
  class space    used 8182K, committed 8448K, reserved 1048576K
}
Event: 31.137 GC heap before
{Heap before GC invocations=49 (full 0):
 garbage-first heap   total 143360K, used 116759K [0x00000000a0000000, 0x0000000100000000)
  region size 1024K, 32 young (32768K), 1 survivors (1024K)
 Metaspace       used 67749K, committed 68416K, reserved 1114112K
  class space    used 8943K, committed 9216K, reserved 1048576K
}
Event: 31.144 GC heap after
{Heap after GC invocations=50 (full 0):
 garbage-first heap   total 286720K, used 86352K [0x00000000a0000000, 0x0000000100000000)
  region size 1024K, 2 young (2048K), 2 survivors (2048K)
 Metaspace       used 67749K, committed 68416K, reserved 1114112K
  class space    used 8943K, committed 9216K, reserved 1048576K
}
Event: 35.189 GC heap before
{Heap before GC invocations=51 (full 0):
 garbage-first heap   total 286720K, used 203088K [0x00000000a0000000, 0x0000000100000000)
  region size 1024K, 116 young (118784K), 2 survivors (2048K)
 Metaspace       used 76072K, committed 76736K, reserved 1122304K
  class space    used 10010K, committed 10304K, reserved 1048576K
}
Event: 35.225 GC heap after
{Heap after GC invocations=52 (full 0):
 garbage-first heap   total 286720K, used 97472K [0x00000000a0000000, 0x0000000100000000)
  region size 1024K, 13 young (13312K), 13 survivors (13312K)
 Metaspace       used 76072K, committed 76736K, reserved 1122304K
  class space    used 10010K, committed 10304K, reserved 1048576K
}
Event: 39.449 GC heap before
{Heap before GC invocations=52 (full 0):
 garbage-first heap   total 286720K, used 233664K [0x00000000a0000000, 0x0000000100000000)
  region size 1024K, 125 young (128000K), 13 survivors (13312K)
 Metaspace       used 85507K, committed 86144K, reserved 1130496K
  class space    used 11498K, committed 11776K, reserved 1048576K
}
Event: 39.514 GC heap after
{Heap after GC invocations=53 (full 0):
 garbage-first heap   total 286720K, used 133696K [0x00000000a0000000, 0x0000000100000000)
  region size 1024K, 14 young (14336K), 14 survivors (14336K)
 Metaspace       used 85507K, committed 86144K, reserved 1130496K
  class space    used 11498K, committed 11776K, reserved 1048576K
}
Event: 43.805 GC heap before
{Heap before GC invocations=53 (full 0):
 garbage-first heap   total 286720K, used 223808K [0x00000000a0000000, 0x0000000100000000)
  region size 1024K, 102 young (104448K), 14 survivors (14336K)
 Metaspace       used 96832K, committed 97536K, reserved 1138688K
  class space    used 12956K, committed 13312K, reserved 1048576K
}
Event: 43.849 GC heap after
{Heap after GC invocations=54 (full 0):
 garbage-first heap   total 286720K, used 142848K [0x00000000a0000000, 0x0000000100000000)
  region size 1024K, 9 young (9216K), 9 survivors (9216K)
 Metaspace       used 96832K, committed 97536K, reserved 1138688K
  class space    used 12956K, committed 13312K, reserved 1048576K
}
Event: 48.297 GC heap before
{Heap before GC invocations=54 (full 0):
 garbage-first heap   total 286720K, used 226816K [0x00000000a0000000, 0x0000000100000000)
  region size 1024K, 92 young (94208K), 9 survivors (9216K)
 Metaspace       used 102686K, committed 103616K, reserved 1138688K
  class space    used 13696K, committed 14144K, reserved 1048576K
}
Event: 48.345 GC heap after
{Heap after GC invocations=55 (full 0):
 garbage-first heap   total 286720K, used 149504K [0x00000000a0000000, 0x0000000100000000)
  region size 1024K, 7 young (7168K), 7 survivors (7168K)
 Metaspace       used 102686K, committed 103616K, reserved 1138688K
  class space    used 13696K, committed 14144K, reserved 1048576K
}
Event: 96.393 GC heap before
{Heap before GC invocations=55 (full 0):
 garbage-first heap   total 286720K, used 231424K [0x00000000a0000000, 0x0000000100000000)
  region size 1024K, 88 young (90112K), 7 survivors (7168K)
 Metaspace       used 103886K, committed 104896K, reserved 1146880K
  class space    used 13785K, committed 14272K, reserved 1048576K
}
Event: 96.549 GC heap after
{Heap after GC invocations=56 (full 0):
 garbage-first heap   total 286720K, used 163840K [0x00000000a0000000, 0x0000000100000000)
  region size 1024K, 11 young (11264K), 11 survivors (11264K)
 Metaspace       used 103886K, committed 104896K, reserved 1146880K
  class space    used 13785K, committed 14272K, reserved 1048576K
}
Event: 106.897 GC heap before
{Heap before GC invocations=56 (full 0):
 garbage-first heap   total 286720K, used 230400K [0x00000000a0000000, 0x0000000100000000)
  region size 1024K, 76 young (77824K), 11 survivors (11264K)
 Metaspace       used 104203K, committed 105216K, reserved 1146880K
  class space    used 13788K, committed 14272K, reserved 1048576K
}
Event: 106.987 GC heap after
{Heap after GC invocations=57 (full 0):
 garbage-first heap   total 286720K, used 167936K [0x00000000a0000000, 0x0000000100000000)
  region size 1024K, 4 young (4096K), 4 survivors (4096K)
 Metaspace       used 104203K, committed 105216K, reserved 1146880K
  class space    used 13788K, committed 14272K, reserved 1048576K
}

